{
  "RSpec": {
    "coverage": {
      "/home/travis/build/wshihadeh/rabbitmq_client/lib/rabbitmq_client.rb": [
        null,
        null,
        1,
        1,
        1,
        null,
        1,
        1,
        1,
        1,
        1,
        null,
        null,
        null,
        null,
        1,
        1,
        null,
        1,
        1,
        null,
        1,
        1,
        1,
        1,
        1,
        1,
        1,
        null,
        null,
        1,
        null,
        1,
        1,
        null,
        null,
        null,
        null,
        null,
        null,
        null,
        1,
        null,
        1,
        null,
        null,
        null,
        null,
        null,
        null,
        null,
        null,
        1,
        null,
        1,
        null,
        null,
        null,
        null,
        null,
        2,
        2,
        1,
        1,
        null,
        null,
        1,
        1,
        1,
        null,
        null,
        1,
        1,
        null,
        null,
        1,
        3,
        null,
        null,
        1,
        6,
        null,
        null,
        1,
        null,
        1,
        3,
        null,
        null,
        1,
        1,
        null,
        null,
        1,
        1,
        null,
        null,
        null,
        null,
        1,
        2,
        2,
        2,
        null,
        null,
        null
      ],
      "/home/travis/build/wshihadeh/rabbitmq_client/lib/rabbitmq_client/lifecycle.rb": [
        null,
        null,
        1,
        null,
        1,
        null,
        null,
        1,
        null,
        1,
        null,
        null,
        1,
        null,
        1,
        6,
        6,
        null,
        null,
        null,
        1,
        4,
        null,
        null,
        1,
        2,
        null,
        null,
        1,
        3,
        3,
        3,
        null,
        3,
        1,
        null,
        null,
        null,
        2,
        null,
        null,
        1,
        null,
        1,
        6,
        5,
        null,
        null,
        1,
        1,
        null,
        null,
        null
      ],
      "/home/travis/build/wshihadeh/rabbitmq_client/lib/rabbitmq_client/callback.rb": [
        null,
        null,
        1,
        null,
        1,
        1,
        2,
        null,
        null,
        null,
        null,
        null,
        1,
        1,
        9,
        9,
        null,
        null,
        1,
        2,
        2,
        2,
        2,
        null,
        null,
        1,
        8,
        null,
        4,
        null,
        3,
        null,
        1,
        null,
        null,
        null,
        1,
        null,
        1,
        3,
        null,
        null,
        1,
        3,
        null,
        null,
        null
      ],
      "/home/travis/build/wshihadeh/rabbitmq_client/lib/rabbitmq_client/plugin.rb": [
        null,
        null,
        1,
        null,
        1,
        null,
        1,
        1,
        1,
        null,
        null,
        null,
        null,
        1,
        1,
        2,
        null,
        null,
        1,
        2,
        2,
        null,
        null,
        1,
        1,
        1,
        1,
        null,
        null,
        null,
        null
      ],
      "/home/travis/build/wshihadeh/rabbitmq_client/lib/rabbitmq_client/exchange_registry.rb": [
        null,
        null,
        1,
        null,
        1,
        null,
        1,
        null,
        1,
        1,
        2,
        null,
        null,
        null,
        1,
        6,
        null,
        null,
        1,
        4,
        null,
        null,
        1,
        5,
        2,
        null,
        null,
        null,
        2,
        null,
        null,
        null,
        null
      ],
      "/home/travis/build/wshihadeh/rabbitmq_client/lib/rabbitmq_client/exchange.rb": [
        null,
        null,
        1,
        null,
        1,
        1,
        null,
        1,
        4,
        4,
        4,
        null,
        null,
        1,
        1,
        null,
        1,
        null,
        null,
        null,
        null,
        1,
        null,
        null,
        null
      ],
      "/home/travis/build/wshihadeh/rabbitmq_client/lib/rabbitmq_client/publisher.rb": [
        null,
        null,
        1,
        null,
        1,
        null,
        1,
        1,
        8,
        8,
        8,
        8,
        8,
        8,
        null,
        null,
        1,
        5,
        null,
        4,
        1,
        null,
        null,
        3,
        null,
        null,
        null,
        null,
        1,
        null,
        1,
        4,
        null,
        null,
        1,
        8,
        null,
        2,
        null,
        null,
        null,
        null,
        1,
        8,
        null,
        null,
        null,
        1,
        8,
        8,
        null,
        null,
        null,
        null,
        null,
        null,
        null,
        1,
        8,
        8,
        3,
        null,
        null,
        null,
        null,
        1,
        10,
        null,
        null,
        null,
        null,
        null,
        null
      ],
      "/home/travis/build/wshihadeh/rabbitmq_client/lib/rabbitmq_client/publisher_job.rb": [
        null,
        null,
        1,
        1,
        null,
        1,
        null,
        1,
        1,
        null,
        1,
        3,
        null,
        2,
        2,
        null,
        null,
        1,
        null,
        1,
        3,
        3,
        3,
        3,
        3,
        3,
        3,
        3,
        1,
        null,
        null,
        null,
        1,
        2,
        null,
        null,
        null,
        null,
        null,
        null
      ],
      "/home/travis/build/wshihadeh/rabbitmq_client/lib/rabbitmq_client/message_publisher.rb": [
        null,
        null,
        1,
        null,
        1,
        null,
        1,
        1,
        null,
        1,
        1,
        null,
        null,
        null,
        1,
        3,
        3,
        3,
        3,
        3,
        null,
        null,
        1,
        3,
        null,
        3,
        3,
        3,
        null,
        null,
        1,
        3,
        3,
        1,
        1,
        null,
        1,
        null,
        null,
        null,
        1,
        null,
        1,
        10,
        null,
        null,
        null,
        null,
        null,
        1,
        null,
        10,
        null,
        null,
        null,
        null,
        null
      ],
      "/home/travis/build/wshihadeh/rabbitmq_client/lib/rabbitmq_client/json_formatter.rb": [
        null,
        null,
        1,
        null,
        1,
        null,
        1,
        1,
        1,
        2,
        2,
        null,
        null,
        1,
        2,
        2,
        null,
        11,
        null,
        2,
        null,
        null,
        1,
        2,
        2,
        2,
        null,
        null,
        null
      ],
      "/home/travis/build/wshihadeh/rabbitmq_client/lib/rabbitmq_client/json_log_subscriber.rb": [
        null,
        null,
        1,
        null,
        1,
        null,
        1,
        1,
        1,
        null,
        null,
        null,
        null,
        1,
        1,
        1,
        null,
        null,
        null,
        null,
        null,
        null,
        1,
        1,
        null,
        null,
        null,
        null,
        1,
        1,
        null,
        null,
        null,
        null,
        null,
        1,
        1,
        null,
        null,
        null,
        null,
        null,
        1,
        1,
        null,
        null,
        null,
        null,
        null,
        1,
        1,
        null,
        null,
        null,
        null,
        null,
        1,
        1,
        null,
        null,
        null,
        null,
        1,
        1,
        null,
        null,
        null,
        null,
        1,
        null,
        1,
        6,
        null,
        null,
        null,
        null,
        null,
        null,
        1,
        9,
        null,
        null,
        1,
        null,
        5,
        null,
        null,
        null,
        null,
        null
      ],
      "/home/travis/build/wshihadeh/rabbitmq_client/lib/rabbitmq_client/log_subscriber_base.rb": [
        null,
        null,
        1,
        null,
        1,
        1,
        1,
        150,
        null,
        null,
        null,
        1,
        150,
        null,
        null,
        null
      ],
      "/home/travis/build/wshihadeh/rabbitmq_client/lib/rabbitmq_client/plain_log_subscriber.rb": [
        null,
        null,
        1,
        null,
        1,
        null,
        1,
        1,
        null,
        9,
        9,
        null,
        null,
        1,
        3,
        3,
        null,
        3,
        null,
        null,
        1,
        null,
        3,
        3,
        null,
        null,
        1,
        4,
        null,
        4,
        null,
        4,
        null,
        null,
        1,
        4,
        null,
        4,
        null,
        4,
        null,
        null,
        1,
        null,
        4,
        4,
        null,
        null,
        1,
        2,
        null,
        2,
        2,
        null,
        null,
        1,
        2,
        null,
        null,
        1,
        2,
        null,
        null,
        null
      ],
      "/home/travis/build/wshihadeh/rabbitmq_client/lib/rabbitmq_client/tags_filter.rb": [
        null,
        null,
        1,
        null,
        1,
        1,
        17,
        17,
        17,
        null,
        7,
        4,
        null,
        null,
        null,
        null
      ],
      "/home/travis/build/wshihadeh/rabbitmq_client/lib/rabbitmq_client/text_formatter.rb": [
        null,
        null,
        1,
        1,
        null,
        1,
        null,
        1,
        1,
        6,
        6,
        6,
        6,
        null,
        null,
        1,
        9,
        9,
        null,
        null,
        null,
        null,
        null,
        null,
        null,
        null,
        1,
        null,
        1,
        9,
        2,
        12,
        null,
        null,
        7,
        null,
        9,
        1,
        null,
        null,
        null,
        null
      ],
      "/home/travis/build/wshihadeh/rabbitmq_client/lib/rabbitmq_client/logger_builder.rb": [
        null,
        null,
        1,
        null,
        1,
        1,
        3,
        3,
        3,
        3,
        null,
        null,
        1,
        3,
        3,
        3,
        3,
        3,
        null,
        null,
        1,
        null,
        1,
        3,
        null,
        null,
        1,
        3,
        null,
        null,
        1,
        6,
        null,
        null,
        null
      ]
    },
    "timestamp": 1579011197
  }
}
